
> adaf-dashboard@1.0.0 dev
> next dev --port 3000

   ▲ Next.js 15.5.4
   - Local:        http://localhost:3000
   - Network:      http://10.211.55.3:3000
   - Environments: .env.local, .env

 ✓ Starting...
 ✓ Ready in 938ms
 ○ Compiling / ...
 ✓ Compiled / in 2.9s (938 modules)
 GET / 200 in 3305ms
 ✓ Compiled in 406ms (320 modules)
 ○ Compiling /dashboard ...
 ✓ Compiled /dashboard in 2.6s (2231 modules)
 ✓ Compiled /api/read/kpi/alerts7d in 495ms (2292 modules)
 GET /api/read/kpi/nav 200 in 595ms
 GET /api/read/kpi/alerts7d 200 in 645ms
 GET /dashboard 200 in 3773ms
 ✓ Compiled /_not-found in 405ms (2297 modules)
 GET /dashboard/main 404 in 524ms
 ✓ Compiled / in 303ms (1348 modules)
 GET /?id=2cf49ca2-d94a-4015-b313-c85de3426dc5&vscodeBrowserReqId=1760036381724 200 in 463ms
 GET /api/read/kpi/nav 200 in 53ms
 GET /api/read/kpi/alerts7d 200 in 95ms
 GET /dashboard 200 in 388ms
 ⚠ Fast Refresh had to perform a full reload due to a runtime error.
 ⚠ Fast Refresh had to perform a full reload due to a runtime error.
 ✓ Compiled in 1002ms (2316 modules)
 GET /?id=2cf49ca2-d94a-4015-b313-c85de3426dc5&vscodeBrowserReqId=1760036381724 200 in 720ms
 GET /?id=2cf49ca2-d94a-4015-b313-c85de3426dc5&vscodeBrowserReqId=1760036381724 200 in 684ms
 ✓ Compiled /dashboard-test in 400ms (2304 modules)
 GET /dashboard-test 200 in 488ms
 ⚠ Fast Refresh had to perform a full reload due to a runtime error.
 GET /?id=2cf49ca2-d94a-4015-b313-c85de3426dc5&vscodeBrowserReqId=1760036381724 200 in 91ms
 GET /dashboard-test?id=2cf49ca2-d94a-4015-b313-c85de3426dc5&vscodeBrowserReqId=1760036553703 200 in 54ms
 ✓ Compiled in 249ms (969 modules)
 ⚠ Fast Refresh had to perform a full reload due to a runtime error.
 GET /dashboard-test?id=2cf49ca2-d94a-4015-b313-c85de3426dc5&vscodeBrowserReqId=1760036553703 200 in 51ms
 ✓ Compiled in 382ms (1582 modules)
 ○ Compiling /dashboard-simple ...
 ✓ Compiled /dashboard-simple in 580ms (1585 modules)
 ✓ Compiled /api/read/kpi/alerts7d in 106ms (646 modules)
 ✓ Compiled (687 modules)
 GET /api/read/kpi/nav 200 in 318ms
 GET /api/read/kpi/alerts7d 200 in 327ms
 GET /dashboard-simple?id=2cf49ca2-d94a-4015-b313-c85de3426dc5&vscodeBrowserReqId=1760036583842 200 in 1131ms
 ✓ Compiled in 137ms (322 modules)
 ⚠ Fast Refresh had to perform a full reload due to a runtime error.
 GET /api/read/kpi/nav 200 in 58ms
 GET /api/read/kpi/alerts7d 200 in 96ms
 GET /dashboard-simple?id=2cf49ca2-d94a-4015-b313-c85de3426dc5&vscodeBrowserReqId=1760036583842 200 in 120ms
 GET /dashboard-simple?id=2cf49ca2-d94a-4015-b313-c85de3426dc5&vscodeBrowserReqId=1760036583842 200 in 334ms
 ✓ Compiled in 292ms (995 modules)
 ✓ Compiled in 146ms (322 modules)
 ⚠ Fast Refresh had to perform a full reload due to a runtime error.
 GET /api/read/kpi/nav 200 in 67ms
 GET /api/read/kpi/alerts7d 200 in 106ms
 GET /dashboard-simple?id=2cf49ca2-d94a-4015-b313-c85de3426dc5&vscodeBrowserReqId=1760036583842 200 in 125ms
 GET /dashboard-simple?id=2cf49ca2-d94a-4015-b313-c85de3426dc5&vscodeBrowserReqId=1760036583842 200 in 295ms
 ✓ Compiled in 305ms (995 modules)
 ✓ Compiled /dashboard in 163ms (997 modules)
 GET /api/read/kpi/nav 200 in 39ms
 GET /api/read/kpi/alerts7d 200 in 65ms
 GET /dashboard?id=2cf49ca2-d94a-4015-b313-c85de3426dc5&vscodeBrowserReqId=1760036611826 200 in 360ms
 GET / 200 in 83ms
 ○ Compiling /api/health ...
 ✓ Compiled /api/health in 543ms (958 modules)
 GET /api/health 200 in 626ms
 GET /api/health 200 in 644ms
 ⚠ Fast Refresh had to perform a full reload due to a runtime error.
 ✓ Compiled /api/read/kpi/alerts7d in 124ms (652 modules)
 ✓ Compiled (692 modules)
 GET /api/read/kpi/nav 200 in 310ms
 GET /api/read/kpi/alerts7d 200 in 319ms
 GET /dashboard?id=2cf49ca2-d94a-4015-b313-c85de3426dc5&vscodeBrowserReqId=1760036611826 200 in 460ms
 GET /api/health 200 in 30ms
 ⚠ Fast Refresh had to perform a full reload due to a runtime error.
 ✓ Compiled /_not-found in 402ms (1005 modules)
 GET /dashboard/main 404 in 609ms
 GET /api/read/kpi/nav 200 in 60ms
 GET /dashboard/main 404 in 76ms
 GET /api/read/kpi/alerts7d 200 in 88ms
 GET /dashboard?id=2cf49ca2-d94a-4015-b313-c85de3426dc5&vscodeBrowserReqId=1760036611826 200 in 492ms
 GET /api/health 200 in 25ms
 GET /api/health 200 in 30ms
 GET /?id=2cf49ca2-d94a-4015-b313-c85de3426dc5&vscodeBrowserReqId=1760036785910 200 in 86ms
 ⚠ Fast Refresh had to perform a full reload due to a runtime error.
 ⚠ Fast Refresh had to perform a full reload due to a runtime error.
 ✓ Compiled in 800ms (936 modules)
 ⨯ ReferenceError: HealthMonitor is not defined
    at RootLayout (src/app/layout.tsx:27:12)
  25 |         <RBACProvider permissions={["feature:wsp"]}>
  26 |           <ChunkRecovery />
> 27 |           <HealthMonitor />
     |            ^
  28 |           <Providers>{children}</Providers>
  29 |           <Toaster />
  30 |         </RBACProvider> {
  digest: '3487956024'
}
 GET /?id=2cf49ca2-d94a-4015-b313-c85de3426dc5&vscodeBrowserReqId=1760036785910 500 in 576ms
 ✓ Compiled in 245ms (950 modules)
 ⚠ Fast Refresh had to perform a full reload due to a runtime error.
 GET /?id=2cf49ca2-d94a-4015-b313-c85de3426dc5&vscodeBrowserReqId=1760036785910 200 in 149ms
 GET /?id=2cf49ca2-d94a-4015-b313-c85de3426dc5&vscodeBrowserReqId=1760036860967 200 in 66ms
 GET / 200 in 67ms
 ✓ Compiled /api/read/kpi/alerts7d in 216ms (646 modules)
 ✓ Compiled (687 modules)
 GET /api/read/kpi/nav 200 in 842ms
 GET /api/read/kpi/alerts7d 200 in 852ms
 GET /dashboard 200 in 934ms
 ✓ Compiled in 211ms (321 modules)
 GET /?id=2cf49ca2-d94a-4015-b313-c85de3426dc5&vscodeBrowserReqId=1760036860967 200 in 90ms
 ✓ Compiled in 143ms (321 modules)
 GET /?id=2cf49ca2-d94a-4015-b313-c85de3426dc5&vscodeBrowserReqId=1760036860967 200 in 33ms
 ✓ Compiled in 254ms (1008 modules)
 GET /?id=2cf49ca2-d94a-4015-b313-c85de3426dc5&vscodeBrowserReqId=1760036860967 200 in 66ms
 ✓ Compiled in 557ms (1011 modules)
 GET /?id=2cf49ca2-d94a-4015-b313-c85de3426dc5&vscodeBrowserReqId=1760036860967 200 in 60ms
 ✓ Compiled /api/health in 180ms (692 modules)
 GET /api/health 200 in 233ms
 GET /api/health 200 in 233ms
 GET /api/health 200 in 33ms
 GET /api/health 200 in 36ms
 GET /api/health 200 in 44ms
 GET /api/health 200 in 31ms
 GET /api/health 200 in 59ms
 GET /api/health 200 in 30ms
 GET /api/health 200 in 50ms
 GET /api/health 200 in 36ms
 GET /api/health 200 in 43ms
 GET /api/health 200 in 28ms
 GET /api/health 200 in 47ms
 GET / 200 in 175ms
 GET /api/health 200 in 29ms
 GET /api/health 200 in 62ms
 GET /api/health 200 in 32ms
 GET /api/health 200 in 50ms
 GET /api/health 200 in 38ms
 GET /api/health 200 in 56ms
 GET /api/health 200 in 66ms
 GET /api/health 200 in 48ms
 GET /api/health 200 in 51ms
 GET /api/health 200 in 52ms
 GET /api/health 200 in 38ms
 GET /api/health 200 in 50ms
 GET /api/health 200 in 47ms
 GET /api/health 200 in 44ms
 GET /api/health 200 in 49ms
 GET /api/health 200 in 54ms
 GET /api/health 200 in 50ms
 GET /api/health 200 in 50ms
 GET /api/health 200 in 51ms
 GET /api/health 200 in 46ms
 GET /api/health 200 in 47ms
 GET /api/health 200 in 55ms
 GET /api/health 200 in 47ms
 GET /api/health 200 in 45ms
 GET /api/health 200 in 55ms
 GET /api/health 200 in 48ms
 GET /api/health 200 in 55ms
 GET /api/health 200 in 88ms
 GET /api/health 200 in 58ms
 GET /api/read/kpi/nav 200 in 39ms
 GET /api/read/kpi/alerts7d 200 in 76ms
 GET /dashboard 200 in 166ms
 GET /?id=2cf49ca2-d94a-4015-b313-c85de3426dc5&vscodeBrowserReqId=1760037399575 200 in 79ms
 ✓ Compiled in 381ms (322 modules)
 ⚠ Fast Refresh had to perform a full reload due to a runtime error.
 ✓ Compiled in 273ms (322 modules)
 GET /?id=2cf49ca2-d94a-4015-b313-c85de3426dc5&vscodeBrowserReqId=1760037399575 200 in 273ms
 ✓ Compiled in 415ms (950 modules)
 ⚠ Fast Refresh had to perform a full reload due to a runtime error.
 ⨯ ReferenceError: HealthMonitor is not defined
    at RootLayout (src/app/layout.tsx:27:12)
  25 |         <RBACProvider permissions={["feature:wsp"]}>
  26 |           <ChunkRecovery />
> 27 |           <HealthMonitor />
     |            ^
  28 |           <Providers>{children}</Providers>
  29 |           <Toaster />
  30 |         </RBACProvider> {
  digest: '3487956024'
}
 GET /?id=2cf49ca2-d94a-4015-b313-c85de3426dc5&vscodeBrowserReqId=1760037399575 500 in 209ms
 ✓ Compiled in 279ms (953 modules)
 ⚠ Fast Refresh had to perform a full reload due to a runtime error.
 GET /?id=2cf49ca2-d94a-4015-b313-c85de3426dc5&vscodeBrowserReqId=1760037399575 200 in 160ms
 GET / 200 in 70ms
 ✓ Compiled /api/read/kpi/alerts7d in 131ms (648 modules)
 ✓ Compiled (689 modules)
 GET /api/read/kpi/nav 200 in 483ms
 GET /api/read/kpi/alerts7d 200 in 486ms
 GET /dashboard 200 in 566ms
 GET /?id=2cf49ca2-d94a-4015-b313-c85de3426dc5&vscodeBrowserReqId=1760037552364 200 in 160ms
 GET /?id=2cf49ca2-d94a-4015-b313-c85de3426dc5&vscodeBrowserReqId=1760037618293 200 in 85ms
 GET / 200 in 73ms
 ⚠ Fast Refresh had to perform a full reload due to a runtime error.
 ○ Compiling /_not-found ...
 ✓ Compiled /_not-found in 688ms (944 modules)
 GET /dashboard/main 404 in 1038ms
 GET /?id=2cf49ca2-d94a-4015-b313-c85de3426dc5&vscodeBrowserReqId=1760037618293 200 in 689ms
 GET / 200 in 70ms
 ✓ Compiled in 364ms (955 modules)
 ⚠ Fast Refresh had to perform a full reload due to a runtime error.
 ⚠ Fast Refresh had to perform a full reload due to a runtime error.
 GET / 200 in 194ms
 GET /?id=2cf49ca2-d94a-4015-b313-c85de3426dc5&vscodeBrowserReqId=1760037618293 200 in 204ms
 ✓ Compiled /favicon.ico in 169ms (647 modules)
 GET /favicon.ico 200 in 259ms
 GET / 200 in 192ms
 ✓ Compiled /api/read/kpi/alerts7d in 371ms (646 modules)
 ✓ Compiled (687 modules)
 GET /api/read/kpi/nav 200 in 846ms
 GET /api/read/kpi/alerts7d 200 in 847ms
 GET /dashboard 200 in 943ms
 ✓ Compiled in 589ms (953 modules)
 GET /?id=2cf49ca2-d94a-4015-b313-c85de3426dc5&vscodeBrowserReqId=1760037618293 200 in 191ms
 GET / 200 in 177ms
 ✓ Compiled /api/health in 140ms (650 modules)
 GET /api/health 200 in 237ms
 GET /api/health 200 in 238ms
 GET /api/health 200 in 238ms
 GET /api/health 200 in 239ms
 GET /api/health 200 in 26ms
 GET /api/health 200 in 38ms
 GET /api/health 200 in 38ms
 GET /api/health 200 in 47ms
 GET /api/health 200 in 48ms
 GET /api/health 200 in 59ms
 GET /api/health 200 in 35ms
 GET /api/health 200 in 42ms
 GET / 200 in 174ms
 GET /api/health 200 in 27ms
 GET /api/health 200 in 34ms
 ✓ Compiled /api/read/kpi/alerts7d in 103ms (652 modules)
 ✓ Compiled (692 modules)
 GET /api/read/kpi/nav 200 in 280ms
 GET /api/read/kpi/alerts7d 200 in 287ms
 GET /dashboard 200 in 371ms
 GET /api/health 200 in 35ms
 GET /api/health 200 in 33ms
 GET /api/health 200 in 24ms
 ✓ Compiled /monitoring in 411ms (1007 modules)
 GET /monitoring 200 in 531ms
 GET /api/health 200 in 41ms
 GET /api/health 200 in 56ms
 GET /api/health 200 in 27ms
 GET /api/health 200 in 35ms
 GET /api/health 200 in 26ms
 GET /api/health 200 in 34ms
 GET /api/health 200 in 29ms
 GET /api/health 200 in 30ms
 GET /api/health 200 in 27ms
 GET /api/health 200 in 29ms
 GET /api/health 200 in 48ms
 GET /api/health 200 in 58ms
 GET /api/health 200 in 25ms
 GET /api/health 200 in 27ms
 GET /api/health 200 in 43ms
 GET /api/health 200 in 51ms
 GET /api/health 200 in 37ms
 GET /api/health 200 in 38ms
 GET /api/health 200 in 37ms
 GET /api/health 200 in 48ms
